2024-01-20 17:27:36.644 +02:00 [INF] Application started. Press Ctrl+C to shut down.
2024-01-20 17:27:36.656 +02:00 [INF] Request starting HTTP/1.1 GET http://localhost:8086/ - null null
2024-01-20 17:27:36.673 +02:00 [INF] Hosting environment: Production
2024-01-20 17:27:36.673 +02:00 [INF] Content root path: C:\reltrans api test
2024-01-20 17:27:36.694 +02:00 [WRN] Failed to determine the https port for redirect.
2024-01-20 17:27:36.716 +02:00 [INF] Request finished HTTP/1.1 GET http://localhost:8086/ - 404 null null 62.3449ms
2024-01-20 17:27:36.721 +02:00 [INF] Request reached the end of the middleware pipeline without being handled by application code. Request path: GET http://localhost:8086/, Response status code: 404
2024-01-20 17:27:45.596 +02:00 [INF] Request starting HTTP/1.1 GET http://localhost:8086/swagger/index.html - null null
2024-01-20 17:27:45.649 +02:00 [INF] Request finished HTTP/1.1 GET http://localhost:8086/swagger/index.html - 200 null text/html;charset=utf-8 52.9351ms
2024-01-20 17:27:46.037 +02:00 [INF] Request starting HTTP/1.1 GET http://localhost:8086/swagger/v1/swagger.json - null null
2024-01-20 17:27:46.114 +02:00 [INF] Request finished HTTP/1.1 GET http://localhost:8086/swagger/v1/swagger.json - 200 null application/json;charset=utf-8 76.8635ms
2024-01-20 17:28:02.011 +02:00 [INF] Request starting HTTP/1.1 GET http://localhost:8086/api/Customers/getCustomerByEmail?email=alu%40gmail.com - null null
2024-01-20 17:28:02.015 +02:00 [INF] Executing endpoint 'RelTransWebApi.Controllers.CustomersController.ConfirmEmailAsync (RelTransWebApi)'
2024-01-20 17:28:02.033 +02:00 [INF] Route matched with {action = "ConfirmEmail", controller = "Customers"}. Executing controller action with signature System.Threading.Tasks.Task`1[Microsoft.AspNetCore.Mvc.IActionResult] ConfirmEmailAsync(System.String) on controller RelTransWebApi.Controllers.CustomersController (RelTransWebApi).
2024-01-20 17:28:44.545 +02:00 [ERR] Error:  innner ex: System.ComponentModel.Win32Exception (10060): A connection attempt failed because the connected party did not properly respond after a period of time, or established connection failed because connected host has failed to respond., stacl trace:    at Microsoft.Data.SqlClient.SqlInternalConnection.OnError(SqlException exception, Boolean breakConnection, Action`1 wrapCloseInAction)
   at Microsoft.Data.SqlClient.TdsParser.ThrowExceptionAndWarning(TdsParserStateObject stateObj, Boolean callerHasConnectionLock, Boolean asyncClose)
   at Microsoft.Data.SqlClient.TdsParser.Connect(ServerInfo serverInfo, SqlInternalConnectionTds connHandler, Boolean ignoreSniOpenTimeout, Int64 timerExpire, SqlConnectionString connectionOptions, Boolean withFailover)
   at Microsoft.Data.SqlClient.SqlInternalConnectionTds.AttemptOneLogin(ServerInfo serverInfo, String newPassword, SecureString newSecurePassword, Boolean ignoreSniOpenTimeout, TimeoutTimer timeout, Boolean withFailover)
   at Microsoft.Data.SqlClient.SqlInternalConnectionTds.LoginNoFailover(ServerInfo serverInfo, String newPassword, SecureString newSecurePassword, Boolean redirectedUserInstance, SqlConnectionString connectionOptions, SqlCredential credential, TimeoutTimer timeout)
   at Microsoft.Data.SqlClient.SqlInternalConnectionTds.OpenLoginEnlist(TimeoutTimer timeout, SqlConnectionString connectionOptions, SqlCredential credential, String newPassword, SecureString newSecurePassword, Boolean redirectedUserInstance)
   at Microsoft.Data.SqlClient.SqlInternalConnectionTds..ctor(DbConnectionPoolIdentity identity, SqlConnectionString connectionOptions, SqlCredential credential, Object providerInfo, String newPassword, SecureString newSecurePassword, Boolean redirectedUserInstance, SqlConnectionString userConnectionOptions, SessionData reconnectSessionData, Boolean applyTransientFaultHandling, String accessToken, DbConnectionPool pool)
   at Microsoft.Data.SqlClient.SqlConnectionFactory.CreateConnection(DbConnectionOptions options, DbConnectionPoolKey poolKey, Object poolGroupProviderInfo, DbConnectionPool pool, DbConnection owningConnection, DbConnectionOptions userOptions)
   at Microsoft.Data.ProviderBase.DbConnectionFactory.CreatePooledConnection(DbConnectionPool pool, DbConnection owningObject, DbConnectionOptions options, DbConnectionPoolKey poolKey, DbConnectionOptions userOptions)
   at Microsoft.Data.ProviderBase.DbConnectionPool.CreateObject(DbConnection owningObject, DbConnectionOptions userOptions, DbConnectionInternal oldConnection)
   at Microsoft.Data.ProviderBase.DbConnectionPool.UserCreateRequest(DbConnection owningObject, DbConnectionOptions userOptions, DbConnectionInternal oldConnection)
   at Microsoft.Data.ProviderBase.DbConnectionPool.TryGetConnection(DbConnection owningObject, UInt32 waitForMultipleObjectsTimeout, Boolean allowCreate, Boolean onlyOneCheckConnection, DbConnectionOptions userOptions, DbConnectionInternal& connection)
   at Microsoft.Data.ProviderBase.DbConnectionPool.WaitForPendingOpen()
--- End of stack trace from previous location ---
   at RelTransWebApi.Services.CustomerRepository.GetCustomer(String email) in C:\GitLab\Azure\RelTransCustomerWebApi\RelTransWebApi\RelTransWebApi\Services\CustomerRepository.cs:line 70
   at RelTransWebApi.Controllers.CustomersController.ConfirmEmailAsync(String email) in C:\GitLab\Azure\RelTransCustomerWebApi\RelTransWebApi\RelTransWebApi\Controllers\CustomersController.cs:line 66 message: A network-related or instance-specific error occurred while establishing a connection to SQL Server. The server was not found or was not accessible. Verify that the instance name is correct and that SQL Server is configured to allow remote connections. (provider: TCP Provider, error: 0 - A connection attempt failed because the connected party did not properly respond after a period of time, or established connection failed because connected host has failed to respond.)
2024-01-20 17:28:44.551 +02:00 [INF] Executed action RelTransWebApi.Controllers.CustomersController.ConfirmEmailAsync (RelTransWebApi) in 42513.9851ms
2024-01-20 17:28:44.551 +02:00 [INF] Executed endpoint 'RelTransWebApi.Controllers.CustomersController.ConfirmEmailAsync (RelTransWebApi)'
2024-01-20 17:28:44.556 +02:00 [ERR] An unhandled exception has occurred while executing the request.
System.Exception: A network-related or instance-specific error occurred while establishing a connection to SQL Server. The server was not found or was not accessible. Verify that the instance name is correct and that SQL Server is configured to allow remote connections. (provider: TCP Provider, error: 0 - A connection attempt failed because the connected party did not properly respond after a period of time, or established connection failed because connected host has failed to respond.)
   at RelTransWebApi.Controllers.CustomersController.ConfirmEmailAsync(String email) in C:\GitLab\Azure\RelTransCustomerWebApi\RelTransWebApi\RelTransWebApi\Controllers\CustomersController.cs:line 71
   at Microsoft.AspNetCore.Mvc.Infrastructure.ActionMethodExecutor.TaskOfIActionResultExecutor.Execute(ActionContext actionContext, IActionResultTypeMapper mapper, ObjectMethodExecutor executor, Object controller, Object[] arguments)
   at Microsoft.AspNetCore.Mvc.Infrastructure.ControllerActionInvoker.<InvokeActionMethodAsync>g__Awaited|12_0(ControllerActionInvoker invoker, ValueTask`1 actionResultValueTask)
   at Microsoft.AspNetCore.Mvc.Infrastructure.ControllerActionInvoker.<InvokeNextActionFilterAsync>g__Awaited|10_0(ControllerActionInvoker invoker, Task lastTask, State next, Scope scope, Object state, Boolean isCompleted)
   at Microsoft.AspNetCore.Mvc.Infrastructure.ControllerActionInvoker.Rethrow(ActionExecutedContextSealed context)
   at Microsoft.AspNetCore.Mvc.Infrastructure.ControllerActionInvoker.Next(State& next, Scope& scope, Object& state, Boolean& isCompleted)
   at Microsoft.AspNetCore.Mvc.Infrastructure.ControllerActionInvoker.<InvokeInnerFilterAsync>g__Awaited|13_0(ControllerActionInvoker invoker, Task lastTask, State next, Scope scope, Object state, Boolean isCompleted)
   at Microsoft.AspNetCore.Mvc.Infrastructure.ResourceInvoker.<InvokeFilterPipelineAsync>g__Awaited|20_0(ResourceInvoker invoker, Task lastTask, State next, Scope scope, Object state, Boolean isCompleted)
   at Microsoft.AspNetCore.Mvc.Infrastructure.ResourceInvoker.<InvokeAsync>g__Logged|17_1(ResourceInvoker invoker)
   at Microsoft.AspNetCore.Mvc.Infrastructure.ResourceInvoker.<InvokeAsync>g__Logged|17_1(ResourceInvoker invoker)
   at Microsoft.AspNetCore.Routing.EndpointMiddleware.<Invoke>g__AwaitRequestTask|7_0(Endpoint endpoint, Task requestTask, ILogger logger)
   at Microsoft.AspNetCore.Authorization.AuthorizationMiddleware.Invoke(HttpContext context)
   at Swashbuckle.AspNetCore.SwaggerUI.SwaggerUIMiddleware.Invoke(HttpContext httpContext)
   at Swashbuckle.AspNetCore.Swagger.SwaggerMiddleware.Invoke(HttpContext httpContext, ISwaggerProvider swaggerProvider)
   at Microsoft.AspNetCore.Diagnostics.ExceptionHandlerMiddlewareImpl.<Invoke>g__Awaited|10_0(ExceptionHandlerMiddlewareImpl middleware, HttpContext context, Task task)
2024-01-20 17:28:44.566 +02:00 [ERR] Connection ID "18374686497656820865", Request ID "40005484-0004-ff00-b63f-84710c7967bb": An unhandled exception was thrown by the application.
System.InvalidOperationException: The exception handler configured on ExceptionHandlerOptions produced a 404 status response. This InvalidOperationException containing the original exception was thrown since this is often due to a misconfigured ExceptionHandlingPath. If the exception handler is expected to return 404 status responses then set AllowStatusCode404Response to true.
 ---> System.Exception: A network-related or instance-specific error occurred while establishing a connection to SQL Server. The server was not found or was not accessible. Verify that the instance name is correct and that SQL Server is configured to allow remote connections. (provider: TCP Provider, error: 0 - A connection attempt failed because the connected party did not properly respond after a period of time, or established connection failed because connected host has failed to respond.)
   at RelTransWebApi.Controllers.CustomersController.ConfirmEmailAsync(String email) in C:\GitLab\Azure\RelTransCustomerWebApi\RelTransWebApi\RelTransWebApi\Controllers\CustomersController.cs:line 71
   at Microsoft.AspNetCore.Mvc.Infrastructure.ActionMethodExecutor.TaskOfIActionResultExecutor.Execute(ActionContext actionContext, IActionResultTypeMapper mapper, ObjectMethodExecutor executor, Object controller, Object[] arguments)
   at Microsoft.AspNetCore.Mvc.Infrastructure.ControllerActionInvoker.<InvokeActionMethodAsync>g__Awaited|12_0(ControllerActionInvoker invoker, ValueTask`1 actionResultValueTask)
   at Microsoft.AspNetCore.Mvc.Infrastructure.ControllerActionInvoker.<InvokeNextActionFilterAsync>g__Awaited|10_0(ControllerActionInvoker invoker, Task lastTask, State next, Scope scope, Object state, Boolean isCompleted)
   at Microsoft.AspNetCore.Mvc.Infrastructure.ControllerActionInvoker.Rethrow(ActionExecutedContextSealed context)
   at Microsoft.AspNetCore.Mvc.Infrastructure.ControllerActionInvoker.Next(State& next, Scope& scope, Object& state, Boolean& isCompleted)
   at Microsoft.AspNetCore.Mvc.Infrastructure.ControllerActionInvoker.<InvokeInnerFilterAsync>g__Awaited|13_0(ControllerActionInvoker invoker, Task lastTask, State next, Scope scope, Object state, Boolean isCompleted)
   at Microsoft.AspNetCore.Mvc.Infrastructure.ResourceInvoker.<InvokeFilterPipelineAsync>g__Awaited|20_0(ResourceInvoker invoker, Task lastTask, State next, Scope scope, Object state, Boolean isCompleted)
   at Microsoft.AspNetCore.Mvc.Infrastructure.ResourceInvoker.<InvokeAsync>g__Logged|17_1(ResourceInvoker invoker)
   at Microsoft.AspNetCore.Mvc.Infrastructure.ResourceInvoker.<InvokeAsync>g__Logged|17_1(ResourceInvoker invoker)
   at Microsoft.AspNetCore.Routing.EndpointMiddleware.<Invoke>g__AwaitRequestTask|7_0(Endpoint endpoint, Task requestTask, ILogger logger)
   at Microsoft.AspNetCore.Authorization.AuthorizationMiddleware.Invoke(HttpContext context)
   at Swashbuckle.AspNetCore.SwaggerUI.SwaggerUIMiddleware.Invoke(HttpContext httpContext)
   at Swashbuckle.AspNetCore.Swagger.SwaggerMiddleware.Invoke(HttpContext httpContext, ISwaggerProvider swaggerProvider)
   at Microsoft.AspNetCore.Diagnostics.ExceptionHandlerMiddlewareImpl.<Invoke>g__Awaited|10_0(ExceptionHandlerMiddlewareImpl middleware, HttpContext context, Task task)
   --- End of inner exception stack trace ---
   at Microsoft.AspNetCore.Diagnostics.ExceptionHandlerMiddlewareImpl.HandleException(HttpContext context, ExceptionDispatchInfo edi)
   at Microsoft.AspNetCore.Diagnostics.ExceptionHandlerMiddlewareImpl.<Invoke>g__Awaited|10_0(ExceptionHandlerMiddlewareImpl middleware, HttpContext context, Task task)
   at Microsoft.AspNetCore.Authentication.AuthenticationMiddleware.Invoke(HttpContext context)
   at Microsoft.AspNetCore.Server.IIS.Core.IISHttpContextOfT`1.ProcessRequestAsync()
2024-01-20 17:28:44.567 +02:00 [INF] Request finished HTTP/1.1 GET http://localhost:8086/api/Customers/getCustomerByEmail?email=alu%40gmail.com - 500 null null 42556.5563ms
2024-01-20 17:28:44.568 +02:00 [INF] Request reached the end of the middleware pipeline without being handled by application code. Request path: GET http://localhost:8086/api/Customers/getCustomerByEmail, Response status code: 500
2024-01-20 17:30:04.144 +02:00 [INF] Application is shutting down...
2024-01-20 17:30:08.044 +02:00 [INF] Application started. Press Ctrl+C to shut down.
2024-01-20 17:30:08.053 +02:00 [INF] Request starting HTTP/1.1 GET http://localhost:8086/ - null null
2024-01-20 17:30:08.071 +02:00 [INF] Hosting environment: Production
2024-01-20 17:30:08.072 +02:00 [INF] Content root path: C:\reltrans api test
2024-01-20 17:30:08.087 +02:00 [WRN] Failed to determine the https port for redirect.
2024-01-20 17:30:08.109 +02:00 [INF] Request finished HTTP/1.1 GET http://localhost:8086/ - 404 null null 58.4617ms
2024-01-20 17:30:08.115 +02:00 [INF] Request reached the end of the middleware pipeline without being handled by application code. Request path: GET http://localhost:8086/, Response status code: 404
2024-01-20 17:30:11.020 +02:00 [INF] Request starting HTTP/1.1 GET http://localhost:8086/swagger/index.html - null null
2024-01-20 17:30:11.065 +02:00 [INF] Request finished HTTP/1.1 GET http://localhost:8086/swagger/index.html - 200 null text/html;charset=utf-8 44.8679ms
2024-01-20 17:30:11.229 +02:00 [INF] Request starting HTTP/1.1 GET http://localhost:8086/swagger/v1/swagger.json - null null
2024-01-20 17:30:11.319 +02:00 [INF] Request finished HTTP/1.1 GET http://localhost:8086/swagger/v1/swagger.json - 200 null application/json;charset=utf-8 90.5871ms
2024-01-20 17:30:25.160 +02:00 [INF] Request starting HTTP/1.1 GET http://localhost:8086/api/Customers/getCustomerByEmail?email=aluwani%40kodeca.co.za - null null
2024-01-20 17:30:25.165 +02:00 [INF] Executing endpoint 'RelTransWebApi.Controllers.CustomersController.ConfirmEmailAsync (RelTransWebApi)'
2024-01-20 17:30:25.186 +02:00 [INF] Route matched with {action = "ConfirmEmail", controller = "Customers"}. Executing controller action with signature System.Threading.Tasks.Task`1[Microsoft.AspNetCore.Mvc.IActionResult] ConfirmEmailAsync(System.String) on controller RelTransWebApi.Controllers.CustomersController (RelTransWebApi).
2024-01-20 17:30:25.491 +02:00 [INF] Executing OkObjectResult, writing value of type 'RelTransWebApi.Dtos.CustomerResultResponse'.
2024-01-20 17:30:25.500 +02:00 [INF] Executed action RelTransWebApi.Controllers.CustomersController.ConfirmEmailAsync (RelTransWebApi) in 310.9567ms
2024-01-20 17:30:25.500 +02:00 [INF] Executed endpoint 'RelTransWebApi.Controllers.CustomersController.ConfirmEmailAsync (RelTransWebApi)'
2024-01-20 17:30:25.502 +02:00 [INF] Request finished HTTP/1.1 GET http://localhost:8086/api/Customers/getCustomerByEmail?email=aluwani%40kodeca.co.za - 200 null application/json; charset=utf-8 341.7075ms
